2022-07-07T09:08:32.0906834 400 : [{"timestamp":"2022-07-07T13:08:32.063+00:00","status":400,"error":"Bad Request","message":"JSON parse error: Cannot deserialize instance of `java.lang.Long` out of START_OBJECT token; nested exception... (417 bytes)]
2022-07-07T09:11:03.8149849 I/O error on POST request for "http://localhost:8080/login": Connection refused: connect; nested exception is java.net.ConnectException: Connection refused: connect
2022-07-07T09:16:06.3164763 400 : [{"timestamp":"2022-07-07T13:16:06.296+00:00","status":400,"error":"Bad Request","message":"JSON parse error: Cannot deserialize instance of `java.lang.Long` out of START_OBJECT token; nested exception... (417 bytes)]
2022-07-07T09:32:56.1813404 400 : [{"timestamp":"2022-07-07T13:32:37.707+00:00","status":400,"error":"Bad Request","message":"JSON parse error: Cannot deserialize instance of `java.lang.Long` out of START_OBJECT token; nested exception... (417 bytes)]
2022-07-07T09:33:38.234581 400 : [{"timestamp":"2022-07-07T13:33:28.090+00:00","status":400,"error":"Bad Request","message":"JSON parse error: Cannot deserialize instance of `java.lang.Long` out of START_OBJECT token; nested exception... (417 bytes)]
2022-07-07T09:37:48.8553603 400 : [{"timestamp":"2022-07-07T13:37:48.798+00:00","status":400,"error":"Bad Request","message":"JSON parse error: Cannot deserialize instance of `java.lang.Long` out of START_OBJECT token; nested exception... (417 bytes)]
2022-07-07T09:48:28.1441392 401 : [no body]
2022-07-07T09:48:46.9766976 500 : [{"timestamp":"2022-07-07T13:48:46.972+00:00","status":500,"error":"Internal Server Error","message":"PreparedStatementCallback; SQL [insert into transfer(transfer_type_id, transfer_status_id, account_... (681 bytes)]
2022-07-07T09:59:48.3957774 500 : [{"timestamp":"2022-07-07T13:59:48.361+00:00","status":500,"error":"Internal Server Error","message":"PreparedStatementCallback; SQL [insert into transfer(transfer_type_id, transfer_status_id, account_... (681 bytes)]
2022-07-07T10:47:07.948866 404 : [{"timestamp":"2022-07-07T14:47:07.929+00:00","status":404,"error":"Not Found","message":"No message available","path":"/users"}]
2022-07-07T10:49:53.6841229 404 : [{"timestamp":"2022-07-07T14:49:53.660+00:00","status":404,"error":"Not Found","message":"No message available","path":"/users"}]
2022-07-07T10:50:11.4262813 500 : [{"timestamp":"2022-07-07T14:50:11.423+00:00","status":500,"error":"Internal Server Error","message":"PreparedStatementCallback; SQL [insert into transfer(transfer_type_id, transfer_status_id, account_... (681 bytes)]
2022-07-07T10:51:15.4244732 404 : [{"timestamp":"2022-07-07T14:51:15.424+00:00","status":404,"error":"Not Found","message":"No message available","path":"/users"}]
2022-07-07T10:51:24.176016 500 : [{"timestamp":"2022-07-07T14:51:24.176+00:00","status":500,"error":"Internal Server Error","message":"PreparedStatementCallback; SQL [insert into transfer(transfer_type_id, transfer_status_id, account_... (681 bytes)]
2022-07-07T10:54:06.740004 404 : [{"timestamp":"2022-07-07T14:54:06.708+00:00","status":404,"error":"Not Found","message":"No message available","path":"/users"}]
2022-07-07T10:54:16.866834 500 : [{"timestamp":"2022-07-07T14:54:16.866+00:00","status":500,"error":"Internal Server Error","message":"PreparedStatementCallback; SQL [insert into transfer(transfer_type_id, transfer_status_id, account_... (681 bytes)]
2022-07-07T10:56:18.5108158 404 : [{"timestamp":"2022-07-07T14:56:18.473+00:00","status":404,"error":"Not Found","message":"No message available","path":"/users"}]
2022-07-07T11:14:16.4282046 404 : [{"timestamp":"2022-07-07T15:14:16.396+00:00","status":404,"error":"Not Found","message":"No message available","path":"/users"}]
2022-07-07T11:14:35.0313742 500 : [{"timestamp":"2022-07-07T15:14:35.031+00:00","status":500,"error":"Internal Server Error","message":"PreparedStatementCallback; SQL [insert into transfer(transfer_type_id, transfer_status_id, account_... (603 bytes)]
2022-07-07T11:14:43.1812173 404 : [{"timestamp":"2022-07-07T15:14:43.181+00:00","status":404,"error":"Not Found","message":"No message available","path":"/users"}]
2022-07-07T11:46:11.830391 500 : [{"timestamp":"2022-07-07T15:46:11.798+00:00","status":500,"error":"Internal Server Error","message":"No message available","path":"/users"}]
2022-07-07T11:46:35.4630691 500 : [{"timestamp":"2022-07-07T15:46:35.463+00:00","status":500,"error":"Internal Server Error","message":"PreparedStatementCallback; SQL [insert into transfer(transfer_type_id, transfer_status_id, account_... (659 bytes)]
2022-07-07T11:47:15.9354406 500 : [{"timestamp":"2022-07-07T15:47:15.916+00:00","status":500,"error":"Internal Server Error","message":"No message available","path":"/users"}]
2022-07-07T11:49:54.143419 500 : [{"timestamp":"2022-07-07T15:49:54.117+00:00","status":500,"error":"Internal Server Error","message":"No message available","path":"/users"}]
2022-07-07T12:42:03.9738528 500 : [{"timestamp":"2022-07-07T16:42:03.953+00:00","status":500,"error":"Internal Server Error","message":"PreparedStatementCallback; SQL [insert into transfer(transfer_type_id, transfer_status_id, account_... (661 bytes)]
2022-07-07T12:46:37.9518382 401 : [no body]
2022-07-07T13:19:00.878363 401 : [no body]
2022-07-07T16:53:07.6520175 500 : [{"timestamp":"2022-07-07T20:53:07.620+00:00","status":500,"error":"Internal Server Error","message":"No message available","path":"/transfers"}]
2022-07-07T16:57:32.1004718 500 : [{"timestamp":"2022-07-07T20:57:32.084+00:00","status":500,"error":"Internal Server Error","message":"No message available","path":"/transfers"}]
